[2024-01-08T16:42:08.371411-03:00] BNG_LOGS.INFO: agente1@bng.com - logged in successfully. [] []
[2024-01-08T16:49:43.089456-03:00] BNG_LOGS.INFO: agente1@bng.com  logged out. [] []
[2024-01-08T16:50:34.765729-03:00] BNG_LOGS.INFO:   logged out. [] []
[2024-01-08T16:50:47.942148-03:00] BNG_LOGS.ERROR: admin@gmail.com - Invalid login [] []
[2024-01-08T17:00:14.218523-03:00] BNG_LOGS.INFO: agente1@bng.com - logged in successfully. [] []
[2024-01-08T21:47:19.880121-03:00] BNG_LOGS.INFO: agente1@bng.com - logged in successfully. [] []
[2024-01-08T21:57:03.441293-03:00] BNG_LOGS.INFO: agente1@bng.com  logged out. [] []
[2024-01-08T21:57:06.420602-03:00] BNG_LOGS.INFO: agente1@bng.com - logged in successfully. [] []
[2024-01-08T21:59:42.245088-03:00] BNG_LOGS.INFO: agente1@bng.com  logged out. [] []
[2024-01-08T21:59:45.035265-03:00] BNG_LOGS.INFO: agente1@bng.com - logged in successfully. [] []
[2024-01-08T22:00:08.186257-03:00] BNG_LOGS.INFO: agente1@bng.com  logged out. [] []
[2024-01-08T22:00:14.186251-03:00] BNG_LOGS.INFO: agente1@bng.com - logged in successfully. [] []
[2024-01-08T22:00:56.229751-03:00] BNG_LOGS.INFO: agente1@bng.com  logged out. [] []
[2024-01-08T22:00:59.917161-03:00] BNG_LOGS.INFO: agente1@bng.com - logged in successfully. [] []
[2024-01-08T22:24:38.128322-03:00] BNG_LOGS.INFO: agente1@bng.com - logged in successfully. [] []
[2024-01-08T23:03:34.638471-03:00] BNG_LOGS.INFO: agente1@bng.com  logged out. [] []
[2024-01-08T23:03:36.814712-03:00] BNG_LOGS.INFO: agente1@bng.com - logged in successfully. [] []
[2024-01-09T10:19:54.092895-03:00] BNG_LOGS.INFO: agente1@bng.com - logged in successfully. [] []
[2024-01-09T12:51:33.426804-03:00] BNG_LOGS.INFO: agente1@bng.com - logged in successfully. [] []
[2024-01-09T14:23:46.942865-03:00] BNG_LOGS.INFO: agente1@bng.com - logged in successfully. [] []
[2024-01-09T15:52:36.817896-03:00] BNG_LOGS.INFO: agente1@bng.comadded a new clientRui Martins | rui@gmail.com [] []
[2024-01-09T16:01:50.124970-03:00] BNG_LOGS.INFO: agente1@bng.comadded a new client Rui Martins | rui@gmail.com [] []
[2024-01-09T19:36:16.472989-03:00] BNG_LOGS.INFO: agente1@bng.com - logged in successfully. [] []
[2024-01-09T20:01:07.530043-03:00] BNG_LOGS.INFO: agente1@bng.com  logged out. [] []
[2024-01-09T20:01:12.825592-03:00] BNG_LOGS.INFO: agente1@bng.com - logged in successfully. [] []
[2024-01-09T20:46:48.864574-03:00] BNG_LOGS.INFO: agente1@bng.com - logged in successfully. [] []
[2024-01-09T21:35:38.358416-03:00] BNG_LOGS.INFO: agente1@bng.com- updated the data of the client ID: 7 [] []
[2024-01-09T21:35:48.571693-03:00] BNG_LOGS.INFO: agente1@bng.com- updated the data of the client ID: 7 [] []
[2024-01-09T21:35:53.026644-03:00] BNG_LOGS.INFO: agente1@bng.com- updated the data of the client ID: 7 [] []
[2024-01-09T21:36:39.147215-03:00] BNG_LOGS.INFO: agente1@bng.com- updated the data of the client ID: 7 [] []
[2024-01-09T21:41:32.503565-03:00] BNG_LOGS.INFO: agente1@bng.com- updated the data of the client ID: 7 [] []
[2024-01-09T21:41:44.255844-03:00] BNG_LOGS.INFO: agente1@bng.com- updated the data of the client ID: 7 [] []
[2024-01-09T21:43:38.607314-03:00] BNG_LOGS.INFO: agente1@bng.com- updated the data of the client ID: 7 [] []
[2024-01-09T21:44:51.583769-03:00] BNG_LOGS.INFO: agente1@bng.com- updated the data of the client ID: 7 [] []
[2024-01-09T21:44:57.605913-03:00] BNG_LOGS.INFO: agente1@bng.com- updated the data of the client ID: 4 [] []
[2024-01-09T21:47:47.158012-03:00] BNG_LOGS.INFO: agente1@bng.com- updated the data of the client ID: 4 [] []
[2024-01-09T21:47:55.661048-03:00] BNG_LOGS.INFO: agente1@bng.com- updated the data of the client ID: 4 [] []
[2024-01-09T21:52:59.328920-03:00] BNG_LOGS.INFO: agente1@bng.com- updated the data of the client ID: 4 [] []
[2024-01-09T21:56:54.653596-03:00] BNG_LOGS.INFO: agente1@bng.com- updated the data of the client ID: 4 [] []
[2024-01-09T22:18:04.464073-03:00] BNG_LOGS.INFO: agente1@bng.comadded a new client Allan | allan.sgnutzmans@gmail.com [] []
[2024-01-10T11:33:12.960345-03:00] BNG_LOGS.INFO: agente1@bng.com - logged in successfully. [] []
[2024-01-10T12:14:47.122282-03:00] BNG_LOGS.INFO: agente1@bng.com - logged in successfully. [] []
[2024-01-10T14:24:24.266681-03:00] BNG_LOGS.INFO: agente1@bng.com - logged in successfully. [] []
[2024-01-10T14:50:42.512675-03:00] BNG_LOGS.INFO: agente1@bng.com- updated the data of the client ID: 8 [] []
[2024-01-10T14:50:55.637004-03:00] BNG_LOGS.INFO: agente1@bng.com- updated the data of the client ID: 8 [] []
[2024-01-10T15:27:47.472905-03:00] BNG_LOGS.INFO: agente1@bng.com- updated the data of the client ID: 4 [] []
[2024-01-10T15:28:59.152689-03:00] BNG_LOGS.INFO: agente1@bng.comadded a new client Allan Gnutz | allan.sgnutzmans@gmail.com [] []
[2024-01-10T18:13:45.122913-03:00] BNG_LOGS.INFO: agente1@bng.com - logged in successfully. [] []
[2024-01-10T18:35:15.774941-03:00] BNG_LOGS.INFO: agente1@bng.com- deleted the data client ID: 27 [] []
[2024-01-10T18:37:02.826777-03:00] BNG_LOGS.INFO: agente1@bng.com - deleted the data client ID: 26 [] []
[2024-01-10T18:37:34.233548-03:00] BNG_LOGS.INFO: agente1@bng.com - deleted the data client ID: 14 [] []
[2024-01-10T18:37:37.155918-03:00] BNG_LOGS.INFO: agente1@bng.com - deleted the data client ID: 25 [] []
[2024-01-10T18:37:39.922777-03:00] BNG_LOGS.INFO: agente1@bng.com - deleted the data client ID: 24 [] []
[2024-01-10T18:37:41.922898-03:00] BNG_LOGS.INFO: agente1@bng.com - deleted the data client ID: 23 [] []
[2024-01-10T18:37:43.698014-03:00] BNG_LOGS.INFO: agente1@bng.com - deleted the data client ID: 22 [] []
[2024-01-10T18:37:46.452865-03:00] BNG_LOGS.INFO: agente1@bng.com - deleted the data client ID: 21 [] []
[2024-01-10T18:37:47.754663-03:00] BNG_LOGS.INFO: agente1@bng.com - deleted the data client ID: 20 [] []
[2024-01-10T18:37:49.417352-03:00] BNG_LOGS.INFO: agente1@bng.com - deleted the data client ID: 19 [] []
[2024-01-10T18:37:51.145247-03:00] BNG_LOGS.INFO: agente1@bng.com - deleted the data client ID: 18 [] []
[2024-01-10T18:37:52.565991-03:00] BNG_LOGS.INFO: agente1@bng.com - deleted the data client ID: 17 [] []
[2024-01-10T18:37:54.235833-03:00] BNG_LOGS.INFO: agente1@bng.com - deleted the data client ID: 16 [] []
[2024-01-10T18:37:59.298747-03:00] BNG_LOGS.INFO: agente1@bng.com - deleted the data client ID: 15 [] []
[2024-01-10T18:39:19.299789-03:00] BNG_LOGS.INFO: agente1@bng.com - deleted the data client ID: 15 [] []
[2024-01-10T18:39:19.917690-03:00] BNG_LOGS.INFO: agente1@bng.com - deleted the data client ID: 15 [] []
[2024-01-10T18:39:20.042476-03:00] BNG_LOGS.INFO: agente1@bng.com - deleted the data client ID: 15 [] []
[2024-01-10T18:39:20.177872-03:00] BNG_LOGS.INFO: agente1@bng.com - deleted the data client ID: 15 [] []
[2024-01-10T18:39:20.345568-03:00] BNG_LOGS.INFO: agente1@bng.com - deleted the data client ID: 15 [] []
[2024-01-10T18:39:20.595399-03:00] BNG_LOGS.INFO: agente1@bng.com - deleted the data client ID: 15 [] []
[2024-01-10T18:39:20.753790-03:00] BNG_LOGS.INFO: agente1@bng.com - deleted the data client ID: 15 [] []
[2024-01-10T19:23:07.484286-03:00] BNG_LOGS.ERROR: agente1@bng.com - attempt to load invalid file: flatpickr.js [] []
[2024-01-10T19:23:25.052317-03:00] BNG_LOGS.ERROR: agente1@bng.com - attempt to load invalid file: dados_clientes_1_header_invalido.csv, with a  mismatching header [] []
[2024-01-10T19:23:42.233029-03:00] BNG_LOGS.INFO: agente1@bng.com - file loaded: dados_clientes_1.csv [] []
[2024-01-10T19:23:42.233236-03:00] BNG_LOGS.INFO: agente1@bng.com - report: {"total":4,"total_loaded":0,"total_unloaded":4} [] []
[2024-01-10T19:24:37.789381-03:00] BNG_LOGS.INFO: agente1@bng.com - file loaded: dados_clientes_1.csv [] []
[2024-01-10T19:24:37.789655-03:00] BNG_LOGS.INFO: agente1@bng.com - report: {"total":4,"total_loaded":0,"total_unloaded":4} [] []
[2024-01-10T20:33:53.578877-03:00] BNG_LOGS.INFO: agente1@bng.com - logged in successfully. [] []
[2024-01-10T20:34:05.448199-03:00] BNG_LOGS.INFO: agente1@bng.com - deleted the data client ID: 13 [] []
[2024-01-10T20:34:10.087981-03:00] BNG_LOGS.INFO: agente1@bng.com - deleted the data client ID: 11 [] []
[2024-01-10T20:34:24.956701-03:00] BNG_LOGS.INFO: agente1@bng.com - file loaded: dados_clientes_1.csv [] []
[2024-01-10T20:34:24.956923-03:00] BNG_LOGS.INFO: agente1@bng.com - report: {"total":4,"total_loaded":2,"total_unloaded":2} [] []
[2024-01-10T20:41:17.453506-03:00] BNG_LOGS.ERROR: agente1@bng.com - attempt to load invalid file: ficheiro.xlsx, with a  mismatching header [] []
[2024-01-10T20:47:58.476350-03:00] BNG_LOGS.ERROR: agente1@bng.com - attempt to load invalid file: ficheiro.xlsx, with a  mismatching header [] []
[2024-01-10T20:49:06.612113-03:00] BNG_LOGS.INFO: agente1@bng.com - file loaded: dados_clientes_1.xlsx [] []
[2024-01-10T20:49:06.612354-03:00] BNG_LOGS.INFO: agente1@bng.com - report: {"total":4,"total_loaded":0,"total_unloaded":4} [] []
[2024-01-11T12:03:49.138272-03:00] BNG_LOGS.INFO: agente1@bng.com - logged in successfully. [] []
[2024-01-11T12:15:54.033583-03:00] BNG_LOGS.INFO: agente1@bng.com - downloaded the list of clients to: output 1704986153.xlsx | total: 6registers [] []
[2024-01-11T12:17:10.499309-03:00] BNG_LOGS.INFO: agente1@bng.com - downloaded the list of clients to: output 1704986230.xlsx | total: 6registers [] []
[2024-01-11T12:20:19.450181-03:00] BNG_LOGS.INFO: agente1@bng.com - downloaded the list of clients to: output1704986419.xlsx | total: 6registers [] []
[2024-01-11T12:21:27.615010-03:00] BNG_LOGS.INFO: agente1@bng.com - downloaded the list of clients to: output1704986487.xlsx | total: 6registers [] []
